<?xml version="1.0" encoding="UTF-8"?>
<!-- Generated by org.testng.reporters.JUnitReportReporter -->
<testsuite skipped="0" hostname="DESKTOP-9HD1UFT" name="driverFactory.DriverScript" tests="1" failures="0" timestamp="11 May 2022 07:11:45 GMT" time="29.143" errors="0">
  <testcase name="StartTest" time="29.143" classname="driverFactory.DriverScript"/>
</testsuite> <!-- driverFactory.DriverScript -->
