<?xml version="1.0" encoding="UTF-8"?>
<!-- Generated by org.testng.reporters.JUnitReportReporter -->
<testsuite hostname="DESKTOP-9HD1UFT" name="may16.FacebookParameters" tests="1" failures="0" timestamp="16 May 2022 07:21:53 GMT" time="8.895" errors="0">
  <testcase name="createAccount" time="8.895" classname="may16.FacebookParameters"/>
</testsuite> <!-- may16.FacebookParameters -->
