<?xml version="1.0" encoding="UTF-8"?>
<!-- Generated by org.testng.reporters.JUnitReportReporter -->
<testsuite hostname="DESKTOP-9HD1UFT" name="may16.OrangeHRM" tests="4" failures="0" timestamp="16 May 2022 06:38:54 GMT" time="10.388" errors="0">
  <testcase name="verifyLogin" time="1.696" classname="may16.OrangeHRM"/>
  <testcase name="verifyLogin" time="2.357" classname="may16.OrangeHRM"/>
  <testcase name="verifyLogin" time="4.740" classname="may16.OrangeHRM"/>
  <testcase name="verifyLogin" time="1.595" classname="may16.OrangeHRM"/>
</testsuite> <!-- may16.OrangeHRM -->
